<?xml version="1.0" encoding="UTF-8" ?>
<testsuite tests="51" failures="0" name="br.com.contmatic.empresa.TestRunner" time="0.25" errors="0" skipped="1">
  <properties>
[...]
</properties>
  <testcase classname="br.com.contmatic.empresa.EmpresaTest" name="deve_retornar_capitalaberto_esperado" time="0.002"/>
  <testcase classname="br.com.contmatic.empresa.EmpresaTest" name="deve_retornar_cnpj_esperado" time="0.005"/>
  <testcase classname="br.com.contmatic.empresa.EmpresaTest" name="deve_retornar_constructor_esperado" time="0.006"/>
  <testcase classname="br.com.contmatic.empresa.EmpresaTest" name="deve_retornar_data_cadastro_esperada" time="0.005"/>
  <testcase classname="br.com.contmatic.empresa.EmpresaTest" name="deve_retornar_endereco_esperado" time="0.004"/>
  <testcase classname="br.com.contmatic.empresa.EmpresaTest" name="deve_retornar_funcionarios_esperado" time="0.005"/>
  <testcase classname="br.com.contmatic.empresa.EmpresaTest" name="deve_retornar_lista_endereco_esperada" time="0.005"/>
  <testcase classname="br.com.contmatic.empresa.EmpresaTest" name="deve_retornar_lista_telefone_esperada" time="0.005"/>
  <testcase classname="br.com.contmatic.empresa.EmpresaTest" name="deve_retornar_nomefantasia_esperado" time="0.004"/>
  <testcase classname="br.com.contmatic.empresa.EmpresaTest" name="deve_retornar_razaosocial_declarada" time="0.004">
    <skipped message="Teste desnecessário"/>
  </testcase>
  <testcase classname="br.com.contmatic.empresa.EmpresaTest" name="deve_retornar_razaosocial_esperada" time="0.005"/>
  <testcase classname="br.com.contmatic.empresa.EmpresaTest" name="deve_retornar_setor_esperado" time="0.003"/>
  <testcase classname="br.com.contmatic.empresa.EmpresaTest" name="deve_retornar_site_esperado" time="0.006"/>
  <testcase classname="br.com.contmatic.empresa.EmpresaTest" name="deve_retornar_tamanho_esperado" time="0.003"/>
  <testcase classname="br.com.contmatic.empresa.EmpresaTest" name="deve_retornar_telefone_esperado" time="0.005"/>
  <testcase classname="br.com.contmatic.empresa.EmpresaTest" name="deve_retornar_titularidadecapital_esperada" time="0.004"/>
  <testcase classname="br.com.contmatic.empresa.EmpresaTest" name="deve_retornar_tostring_diferente_null" time="0.004"/>
  <testcase classname="br.com.contmatic.empresa.EmpresaTest" name="deve_retornar_true_para_a_validacao" time="0.036"/>
  <testcase classname="br.com.contmatic.empresa.EmpresaTest" name="deve_retornar_valuation_esperada" time="0.005"/>
  <testcase classname="br.com.contmatic.empresa.EmpresaTest" name="deve_retornar_verdadeiro_para_o_metodo_equals" time="0.003"/>
  <testcase classname="br.com.contmatic.empresa.EmpresaTest" name="deve_retornar_verdadeiro_para_o_metodo_hashcode" time="0.004"/>
  <testcase classname="br.com.contmatic.empresa.EnderecoTest" name="deve_retornar_logradouro_esperado" time="0.004"/>
  <testcase classname="br.com.contmatic.empresa.EnderecoTest" name="deve_retornar_index_out_of_bounds_exception" time="0.004"/>
  <testcase classname="br.com.contmatic.empresa.EnderecoTest" name="deve_retornar_cep_esperado" time="0.004"/>
  <testcase classname="br.com.contmatic.empresa.EnderecoTest" name="deve_retornar_tostring_diferente_null" time="0.003"/>
  <testcase classname="br.com.contmatic.empresa.EnderecoTest" name="deve_retornar_uf_esperada" time="0.003"/>
  <testcase classname="br.com.contmatic.empresa.EnderecoTest" name="deve_retornar_verdadeiro_para_o_metodo_equals" time="0.003"/>
  <testcase classname="br.com.contmatic.empresa.EnderecoTest" name="deve_retornar_tipo_endereco_esperado" time="0.004"/>
  <testcase classname="br.com.contmatic.empresa.EnderecoTest" name="deve_retornar_numero_esperado" time="0.003"/>
  <testcase classname="br.com.contmatic.empresa.EnderecoTest" name="deve_retornar_pais_esperado" time="0.002"/>
  <testcase classname="br.com.contmatic.empresa.EnderecoTest" name="deve_retornar_true_para_a_validacao" time="0.008"/>
  <testcase classname="br.com.contmatic.empresa.EnderecoTest" name="deve_retornar_constructor_esperado" time="0.005"/>
  <testcase classname="br.com.contmatic.empresa.EnderecoTest" name="deve_retornar_verdadeiro_para_o_metodo_hashcode" time="0.003"/>
  <testcase classname="br.com.contmatic.empresa.EnderecoTest" name="deve_retornar_cidade_esperada" time="0.002"/>
  <testcase classname="br.com.contmatic.empresa.PessoaTest" name="deve_retornar_telefone_esperado" time="0.005"/>
  <testcase classname="br.com.contmatic.empresa.PessoaTest" name="deve_retornar_cpf_esperado" time="0.003"/>
  <testcase classname="br.com.contmatic.empresa.PessoaTest" name="deve_retornar_lista_telefone_esperada" time="0.004"/>
  <testcase classname="br.com.contmatic.empresa.PessoaTest" name="deve_retornar_nome_esperado" time="0.003"/>
  <testcase classname="br.com.contmatic.empresa.PessoaTest" name="deve_retornar_idade_esperada" time="0.003"/>
  <testcase classname="br.com.contmatic.empresa.PessoaTest" name="deve_retornar_tostring_diferente_null" time="0.004"/>
  <testcase classname="br.com.contmatic.empresa.PessoaTest" name="deve_retornar_sexo_esperado" time="0.004"/>
  <testcase classname="br.com.contmatic.empresa.PessoaTest" name="deve_retornar_endereco_esperado" time="0.004"/>
  <testcase classname="br.com.contmatic.empresa.PessoaTest" name="deve_retornar_verdadeiro_para_o_metodo_equals" time="0.004"/>
  <testcase classname="br.com.contmatic.empresa.PessoaTest" name="deve_retornar_email_esperado" time="0.005"/>
  <testcase classname="br.com.contmatic.empresa.PessoaTest" name="deve_retornar_true_para_a_validacao" time="0.02"/>
  <testcase classname="br.com.contmatic.empresa.PessoaTest" name="deve_retornar_rg_esperado" time="0.003"/>
  <testcase classname="br.com.contmatic.empresa.PessoaTest" name="deve_retornar_ufnasc_esperado" time="0.003"/>
  <testcase classname="br.com.contmatic.empresa.PessoaTest" name="deve_retornar_constructor_esperado" time="0.003"/>
  <testcase classname="br.com.contmatic.empresa.PessoaTest" name="deve_retornar_verdadeiro_para_o_metodo_hashcode" time="0.005"/>
  <testcase classname="br.com.contmatic.empresa.PessoaTest" name="deve_retornar_nomemae_esperado" time="0.003"/>
  <testcase classname="br.com.contmatic.empresa.PessoaTest" name="deve_retornar_cidadenasc_esperado" time="0.003"/>
</testsuite>